-------------------------------------------------------------------------------
Test set: com.ss.PhotoBusiness.PhotoBusinessApplicationTests
-------------------------------------------------------------------------------
Tests run: 1, Failures: 0, Errors: 1, Skipped: 0, Time elapsed: 0.762 s <<< FAILURE! - in com.ss.PhotoBusiness.PhotoBusinessApplicationTests
initializationError(com.ss.PhotoBusiness.PhotoBusinessApplicationTests)  Time elapsed: 0.012 s  <<< ERROR!
java.lang.IllegalStateException: Unable to find a @SpringBootConfiguration, you need to use @ContextConfiguration or @SpringBootTest(classes=...) with your test

