<?xml version="1.0" encoding="UTF-8"?>
<testsuite xmlns:xsi="http://www.w3.org/2001/XMLSchema-instance" xsi:noNamespaceSchemaLocation="https://maven.apache.org/surefire/maven-surefire-plugin/xsd/surefire-test-report.xsd" name="com.ss.PhotoBusiness.PhotoBusinessApplicationTests" time="0.762" tests="1" errors="1" skipped="0" failures="0">
  <properties>
[...]
</properties>
  <testcase name="initializationError" classname="com.ss.PhotoBusiness.PhotoBusinessApplicationTests" time="0.012">
    <error message="Unable to find a @SpringBootConfiguration, you need to use @ContextConfiguration or @SpringBootTest(classes=...) with your test" type="java.lang.IllegalStateException">java.lang.IllegalStateException: Unable to find a @SpringBootConfiguration, you need to use @ContextConfiguration or @SpringBootTest(classes=...) with your test
</error>
    <system-out><![CDATA[14:17:50.108 [main] DEBUG org.springframework.test.context.junit4.SpringJUnit4ClassRunner - SpringJUnit4ClassRunner constructor called with [class com.ss.PhotoBusiness.PhotoBusinessApplicationTests]
14:17:50.118 [main] DEBUG org.springframework.test.context.BootstrapUtils - Instantiating CacheAwareContextLoaderDelegate from class [org.springframework.test.context.cache.DefaultCacheAwareContextLoaderDelegate]
14:17:50.132 [main] DEBUG org.springframework.test.context.BootstrapUtils - Instantiating BootstrapContext using constructor [public org.springframework.test.context.support.DefaultBootstrapContext(java.lang.Class,org.springframework.test.context.CacheAwareContextLoaderDelegate)]
14:17:50.156 [main] DEBUG org.springframework.test.context.BootstrapUtils - Instantiating TestContextBootstrapper for test class [com.ss.PhotoBusiness.PhotoBusinessApplicationTests] from class [org.springframework.boot.test.context.SpringBootTestContextBootstrapper]
14:17:50.176 [main] INFO org.springframework.boot.test.context.SpringBootTestContextBootstrapper - Neither @ContextConfiguration nor @ContextHierarchy found for test class [com.ss.PhotoBusiness.PhotoBusinessApplicationTests], using SpringBootContextLoader
14:17:50.180 [main] DEBUG org.springframework.test.context.support.AbstractContextLoader - Did not detect default resource location for test class [com.ss.PhotoBusiness.PhotoBusinessApplicationTests]: class path resource [com/ss/PhotoBusiness/PhotoBusinessApplicationTests-context.xml] does not exist
14:17:50.181 [main] DEBUG org.springframework.test.context.support.AbstractContextLoader - Did not detect default resource location for test class [com.ss.PhotoBusiness.PhotoBusinessApplicationTests]: class path resource [com/ss/PhotoBusiness/PhotoBusinessApplicationTestsContext.groovy] does not exist
14:17:50.181 [main] INFO org.springframework.test.context.support.AbstractContextLoader - Could not detect default resource locations for test class [com.ss.PhotoBusiness.PhotoBusinessApplicationTests]: no resource found for suffixes {-context.xml, Context.groovy}.
14:17:50.182 [main] INFO org.springframework.test.context.support.AnnotationConfigContextLoaderUtils - Could not detect default configuration classes for test class [com.ss.PhotoBusiness.PhotoBusinessApplicationTests]: PhotoBusinessApplicationTests does not declare any static, non-private, non-final, nested classes annotated with @Configuration.
14:17:50.239 [main] DEBUG org.springframework.test.context.support.ActiveProfilesUtils - Could not find an 'annotation declaring class' for annotation type [org.springframework.test.context.ActiveProfiles] and class [com.ss.PhotoBusiness.PhotoBusinessApplicationTests]
14:17:50.252 [main] DEBUG org.springframework.core.env.StandardEnvironment - Adding PropertySource 'systemProperties' with lowest search precedence
14:17:50.253 [main] DEBUG org.springframework.core.env.StandardEnvironment - Adding PropertySource 'systemEnvironment' with lowest search precedence
14:17:50.254 [main] DEBUG org.springframework.core.env.StandardEnvironment - Initialized StandardEnvironment with PropertySources [MapPropertySource@124407148 {name='systemProperties', properties={java.runtime.name=Java(TM) SE Runtime Environment, sun.boot.library.path=C:\Program Files\Java\jdk1.8.0_161\jre\bin, java.vm.version=25.161-b12, java.vm.vendor=Oracle Corporation, java.vendor.url=http://java.oracle.com/, path.separator=;, java.vm.name=Java HotSpot(TM) 64-Bit Server VM, file.encoding.pkg=sun.io, user.country=IN, user.script=, sun.java.launcher=SUN_STANDARD, sun.os.patch.level=, java.vm.specification.name=Java Virtual Machine Specification, user.dir=C:\Users\Shivangi Sharma\Documents\Coding Season2\book-details, java.runtime.version=1.8.0_161-b12, basedir=C:\Users\Shivangi Sharma\Documents\Coding Season2\book-details, java.awt.graphicsenv=sun.awt.Win32GraphicsEnvironment, java.endorsed.dirs=C:\Program Files\Java\jdk1.8.0_161\jre\lib\endorsed, os.arch=amd64, surefire.real.class.path=C:\Users\SHIVAN~1\AppData\Local\Temp\surefire2208060237160046090\surefirebooter1224184253146529754.jar, java.io.tmpdir=C:\Users\SHIVAN~1\AppData\Local\Temp\, line.separator=
, java.vm.specification.vendor=Oracle Corporation, user.variant=, os.name=Windows 10, sun.jnu.encoding=Cp1252, java.library.path=C:\Program Files\Java\jdk1.8.0_161\jre\bin;C:\WINDOWS\Sun\Java\bin;C:\WINDOWS\system32;C:\WINDOWS;C:/Program Files/Java/jre1.8.0_161/bin/server;C:/Program Files/Java/jre1.8.0_161/bin;C:/Program Files/Java/jre1.8.0_161/lib/amd64;C:\ProgramData\Oracle\Java\javapath;C:\Program Files (x86)\Intel\iCLS Client\;C:\Program Files\Intel\iCLS Client\;C:\WINDOWS\system32;C:\WINDOWS;C:\WINDOWS\System32\Wbem;C:\WINDOWS\System32\WindowsPowerShell\v1.0\;C:\Program Files (x86)\Intel\Intel(R) Management Engine Components\DAL;C:\Program Files\Intel\Intel(R) Management Engine Components\DAL;C:\Program Files (x86)\Intel\Intel(R) Management Engine Components\IPT;C:\Program Files\Intel\Intel(R) Management Engine Components\IPT;C:\Program Files\apache-maven-3.5.3-bin\apache-maven-3.5.3\bin;C:\Program Files\Java\jdk1.8.0_161\bin;C:\WINDOWS\System32\OpenSSH\;C:\Program Files\nodejs\;C:\Program Files\Docker\Docker\resources\bin;C:\ProgramData\DockerDesktop\version-bin;C:\Program Files\Git\cmd;C:\Users\Shivangi Sharma\AppData\Local\Programs\Python\Python38-32\Scripts\;C:\Users\Shivangi Sharma\AppData\Local\Programs\Python\Python38-32\;C:\Users\Shivangi Sharma\AppData\Local\Microsoft\WindowsApps;C:\Users\Shivangi Sharma\AppData\Local\GitHubDesktop\bin;C:\Users\Shivangi Sharma\AppData\Local\Microsoft\WindowsApps;C:\Users\Shivangi Sharma\AppData\Roaming\npm;C:\Users\Shivangi Sharma\AppData\Local\Programs\Microsoft VS Code\bin;C:\Users\Shivangi Sharma\Desktop\springIde\sts-bundle\sts-3.9.4.RELEASE;;., surefire.test.class.path=C:\Users\Shivangi Sharma\Documents\Coding Season2\book-details\target\test-classes;C:\Users\Shivangi Sharma\Documents\Coding Season2\book-details\target\classes;C:\Users\Shivangi Sharma\.m2\repository\org\springframework\boot\spring-boot-starter\2.0.9.BUILD-SNAPSHOT\spring-boot-starter-2.0.9.BUILD-SNAPSHOT.jar;C:\Users\Shivangi Sharma\.m2\repository\org\springframework\boot\spring-boot\2.0.9.BUILD-SNAPSHOT\spring-boot-2.0.9.BUILD-SNAPSHOT.jar;C:\Users\Shivangi Sharma\.m2\repository\org\springframework\spring-context\5.0.13.RELEASE\spring-context-5.0.13.RELEASE.jar;C:\Users\Shivangi Sharma\.m2\repository\org\springframework\boot\spring-boot-autoconfigure\2.0.9.BUILD-SNAPSHOT\spring-boot-autoconfigure-2.0.9.BUILD-SNAPSHOT.jar;C:\Users\Shivangi Sharma\.m2\repository\org\springframework\boot\spring-boot-starter-logging\2.0.9.BUILD-SNAPSHOT\spring-boot-starter-logging-2.0.9.BUILD-SNAPSHOT.jar;C:\Users\Shivangi Sharma\.m2\repository\ch\qos\logback\logback-classic\1.2.3\logback-classic-1.2.3.jar;C:\Users\Shivangi Sharma\.m2\repository\ch\qos\logback\logback-core\1.2.3\logback-core-1.2.3.jar;C:\Users\Shivangi Sharma\.m2\repository\org\apache\logging\log4j\log4j-to-slf4j\2.10.0\log4j-to-slf4j-2.10.0.jar;C:\Users\Shivangi Sharma\.m2\repository\org\apache\logging\log4j\log4j-api\2.10.0\log4j-api-2.10.0.jar;C:\Users\Shivangi Sharma\.m2\repository\org\slf4j\jul-to-slf4j\1.7.26\jul-to-slf4j-1.7.26.jar;C:\Users\Shivangi Sharma\.m2\repository\javax\annotation\javax.annotation-api\1.3.2\javax.annotation-api-1.3.2.jar;C:\Users\Shivangi Sharma\.m2\repository\org\springframework\spring-core\5.0.13.RELEASE\spring-core-5.0.13.RELEASE.jar;C:\Users\Shivangi Sharma\.m2\repository\org\springframework\spring-jcl\5.0.13.RELEASE\spring-jcl-5.0.13.RELEASE.jar;C:\Users\Shivangi Sharma\.m2\repository\org\yaml\snakeyaml\1.19\snakeyaml-1.19.jar;C:\Users\Shivangi Sharma\.m2\repository\com\googlecode\json-simple\json-simple\1.1.1\json-simple-1.1.1.jar;C:\Users\Shivangi Sharma\.m2\repository\org\springframework\boot\spring-boot-starter-web\2.0.9.BUILD-SNAPSHOT\spring-boot-starter-web-2.0.9.BUILD-SNAPSHOT.jar;C:\Users\Shivangi Sharma\.m2\repository\org\springframework\boot\spring-boot-starter-json\2.0.9.BUILD-SNAPSHOT\spring-boot-starter-json-2.0.9.BUILD-SNAPSHOT.jar;C:\Users\Shivangi Sharma\.m2\repository\com\fasterxml\jackson\core\jackson-databind\2.9.8\jackson-databind-2.9.8.jar;C:\Users\Shivangi Sharma\.m2\repository\com\fasterxml\jackson\core\jackson-annotations\2.9.0\jackson-annotations-2.9.0.jar;C:\Users\Shivangi Sharma\.m2\repository\com\fasterxml\jackson\core\jackson-core\2.9.8\jackson-core-2.9.8.jar;C:\Users\Shivangi Sharma\.m2\repository\com\fasterxml\jackson\datatype\jackson-datatype-jdk8\2.9.8\jackson-datatype-jdk8-2.9.8.jar;C:\Users\Shivangi Sharma\.m2\repository\com\fasterxml\jackson\datatype\jackson-datatype-jsr310\2.9.8\jackson-datatype-jsr310-2.9.8.jar;C:\Users\Shivangi Sharma\.m2\repository\com\fasterxml\jackson\module\jackson-module-parameter-names\2.9.8\jackson-module-parameter-names-2.9.8.jar;C:\Users\Shivangi Sharma\.m2\repository\org\springframework\boot\spring-boot-starter-tomcat\2.0.9.BUILD-SNAPSHOT\spring-boot-starter-tomcat-2.0.9.BUILD-SNAPSHOT.jar;C:\Users\Shivangi Sharma\.m2\repository\org\apache\tomcat\embed\tomcat-embed-core\8.5.39\tomcat-embed-core-8.5.39.jar;C:\Users\Shivangi Sharma\.m2\repository\org\apache\tomcat\embed\tomcat-embed-el\8.5.39\tomcat-embed-el-8.5.39.jar;C:\Users\Shivangi Sharma\.m2\repository\org\apache\tomcat\embed\tomcat-embed-websocket\8.5.39\tomcat-embed-websocket-8.5.39.jar;C:\Users\Shivangi Sharma\.m2\repository\org\hibernate\validator\hibernate-validator\6.0.16.Final\hibernate-validator-6.0.16.Final.jar;C:\Users\Shivangi Sharma\.m2\repository\javax\validation\validation-api\2.0.1.Final\validation-api-2.0.1.Final.jar;C:\Users\Shivangi Sharma\.m2\repository\org\jboss\logging\jboss-logging\3.3.2.Final\jboss-logging-3.3.2.Final.jar;C:\Users\Shivangi Sharma\.m2\repository\com\fasterxml\classmate\1.3.4\classmate-1.3.4.jar;C:\Users\Shivangi Sharma\.m2\repository\org\springframework\spring-web\5.0.13.RELEASE\spring-web-5.0.13.RELEASE.jar;C:\Users\Shivangi Sharma\.m2\repository\org\springframework\spring-beans\5.0.13.RELEASE\spring-beans-5.0.13.RELEASE.jar;C:\Users\Shivangi Sharma\.m2\repository\org\springframework\spring-webmvc\5.0.13.RELEASE\spring-webmvc-5.0.13.RELEASE.jar;C:\Users\Shivangi Sharma\.m2\repository\org\springframework\spring-aop\5.0.13.RELEASE\spring-aop-5.0.13.RELEASE.jar;C:\Users\Shivangi Sharma\.m2\repository\org\springframework\spring-expression\5.0.13.RELEASE\spring-expression-5.0.13.RELEASE.jar;C:\Users\Shivangi Sharma\.m2\repository\org\springframework\boot\spring-boot-devtools\2.0.9.BUILD-SNAPSHOT\spring-boot-devtools-2.0.9.BUILD-SNAPSHOT.jar;C:\Users\Shivangi Sharma\.m2\repository\org\springframework\boot\spring-boot-starter-test\2.0.9.BUILD-SNAPSHOT\spring-boot-starter-test-2.0.9.BUILD-SNAPSHOT.jar;C:\Users\Shivangi Sharma\.m2\repository\org\springframework\boot\spring-boot-test\2.0.9.BUILD-SNAPSHOT\spring-boot-test-2.0.9.BUILD-SNAPSHOT.jar;C:\Users\Shivangi Sharma\.m2\repository\org\springframework\boot\spring-boot-test-autoconfigure\2.0.9.BUILD-SNAPSHOT\spring-boot-test-autoconfigure-2.0.9.BUILD-SNAPSHOT.jar;C:\Users\Shivangi Sharma\.m2\repository\com\jayway\jsonpath\json-path\2.4.0\json-path-2.4.0.jar;C:\Users\Shivangi Sharma\.m2\repository\net\minidev\json-smart\2.3\json-smart-2.3.jar;C:\Users\Shivangi Sharma\.m2\repository\net\minidev\accessors-smart\1.2\accessors-smart-1.2.jar;C:\Users\Shivangi Sharma\.m2\repository\org\ow2\asm\asm\5.0.4\asm-5.0.4.jar;C:\Users\Shivangi Sharma\.m2\repository\org\slf4j\slf4j-api\1.7.26\slf4j-api-1.7.26.jar;C:\Users\Shivangi Sharma\.m2\repository\junit\junit\4.12\junit-4.12.jar;C:\Users\Shivangi Sharma\.m2\repository\org\assertj\assertj-core\3.9.1\assertj-core-3.9.1.jar;C:\Users\Shivangi Sharma\.m2\repository\org\mockito\mockito-core\2.15.0\mockito-core-2.15.0.jar;C:\Users\Shivangi Sharma\.m2\repository\net\bytebuddy\byte-buddy\1.7.11\byte-buddy-1.7.11.jar;C:\Users\Shivangi Sharma\.m2\repository\net\bytebuddy\byte-buddy-agent\1.7.11\byte-buddy-agent-1.7.11.jar;C:\Users\Shivangi Sharma\.m2\repository\org\objenesis\objenesis\2.6\objenesis-2.6.jar;C:\Users\Shivangi Sharma\.m2\repository\org\hamcrest\hamcrest-core\1.3\hamcrest-core-1.3.jar;C:\Users\Shivangi Sharma\.m2\repository\org\hamcrest\hamcrest-library\1.3\hamcrest-library-1.3.jar;C:\Users\Shivangi Sharma\.m2\repository\org\skyscreamer\jsonassert\1.5.0\jsonassert-1.5.0.jar;C:\Users\Shivangi Sharma\.m2\repository\com\vaadin\external\google\android-json\0.0.20131108.vaadin1\android-json-0.0.20131108.vaadin1.jar;C:\Users\Shivangi Sharma\.m2\repository\org\springframework\spring-test\5.0.13.RELEASE\spring-test-5.0.13.RELEASE.jar;C:\Users\Shivangi Sharma\.m2\repository\org\xmlunit\xmlunit-core\2.5.1\xmlunit-core-2.5.1.jar;, java.specification.name=Java Platform API Specification, java.class.version=52.0, sun.management.compiler=HotSpot 64-Bit Tiered Compilers, os.version=10.0, user.home=C:\Users\Shivangi Sharma, user.timezone=Asia/Calcutta, java.awt.printerjob=sun.awt.windows.WPrinterJob, file.encoding=Cp1252, java.specification.version=1.8, java.class.path=C:\Users\Shivangi Sharma\Documents\Coding Season2\book-details\target\test-classes;C:\Users\Shivangi Sharma\Documents\Coding Season2\book-details\target\classes;C:\Users\Shivangi Sharma\.m2\repository\org\springframework\boot\spring-boot-starter\2.0.9.BUILD-SNAPSHOT\spring-boot-starter-2.0.9.BUILD-SNAPSHOT.jar;C:\Users\Shivangi Sharma\.m2\repository\org\springframework\boot\spring-boot\2.0.9.BUILD-SNAPSHOT\spring-boot-2.0.9.BUILD-SNAPSHOT.jar;C:\Users\Shivangi Sharma\.m2\repository\org\springframework\spring-context\5.0.13.RELEASE\spring-context-5.0.13.RELEASE.jar;C:\Users\Shivangi Sharma\.m2\repository\org\springframework\boot\spring-boot-autoconfigure\2.0.9.BUILD-SNAPSHOT\spring-boot-autoconfigure-2.0.9.BUILD-SNAPSHOT.jar;C:\Users\Shivangi Sharma\.m2\repository\org\springframework\boot\spring-boot-starter-logging\2.0.9.BUILD-SNAPSHOT\spring-boot-starter-logging-2.0.9.BUILD-SNAPSHOT.jar;C:\Users\Shivangi Sharma\.m2\repository\ch\qos\logback\logback-classic\1.2.3\logback-classic-1.2.3.jar;C:\Users\Shivangi Sharma\.m2\repository\ch\qos\logback\logback-core\1.2.3\logback-core-1.2.3.jar;C:\Users\Shivangi Sharma\.m2\repository\org\apache\logging\log4j\log4j-to-slf4j\2.10.0\log4j-to-slf4j-2.10.0.jar;C:\Users\Shivangi Sharma\.m2\repository\org\apache\logging\log4j\log4j-api\2.10.0\log4j-api-2.10.0.jar;C:\Users\Shivangi Sharma\.m2\repository\org\slf4j\jul-to-slf4j\1.7.26\jul-to-slf4j-1.7.26.jar;C:\Users\Shivangi Sharma\.m2\repository\javax\annotation\javax.annotation-api\1.3.2\javax.annotation-api-1.3.2.jar;C:\Users\Shivangi Sharma\.m2\repository\org\springframework\spring-core\5.0.13.RELEASE\spring-core-5.0.13.RELEASE.jar;C:\Users\Shivangi Sharma\.m2\repository\org\springframework\spring-jcl\5.0.13.RELEASE\spring-jcl-5.0.13.RELEASE.jar;C:\Users\Shivangi Sharma\.m2\repository\org\yaml\snakeyaml\1.19\snakeyaml-1.19.jar;C:\Users\Shivangi Sharma\.m2\repository\com\googlecode\json-simple\json-simple\1.1.1\json-simple-1.1.1.jar;C:\Users\Shivangi Sharma\.m2\repository\org\springframework\boot\spring-boot-starter-web\2.0.9.BUILD-SNAPSHOT\spring-boot-starter-web-2.0.9.BUILD-SNAPSHOT.jar;C:\Users\Shivangi Sharma\.m2\repository\org\springframework\boot\spring-boot-starter-json\2.0.9.BUILD-SNAPSHOT\spring-boot-starter-json-2.0.9.BUILD-SNAPSHOT.jar;C:\Users\Shivangi Sharma\.m2\repository\com\fasterxml\jackson\core\jackson-databind\2.9.8\jackson-databind-2.9.8.jar;C:\Users\Shivangi Sharma\.m2\repository\com\fasterxml\jackson\core\jackson-annotations\2.9.0\jackson-annotations-2.9.0.jar;C:\Users\Shivangi Sharma\.m2\repository\com\fasterxml\jackson\core\jackson-core\2.9.8\jackson-core-2.9.8.jar;C:\Users\Shivangi Sharma\.m2\repository\com\fasterxml\jackson\datatype\jackson-datatype-jdk8\2.9.8\jackson-datatype-jdk8-2.9.8.jar;C:\Users\Shivangi Sharma\.m2\repository\com\fasterxml\jackson\datatype\jackson-datatype-jsr310\2.9.8\jackson-datatype-jsr310-2.9.8.jar;C:\Users\Shivangi Sharma\.m2\repository\com\fasterxml\jackson\module\jackson-module-parameter-names\2.9.8\jackson-module-parameter-names-2.9.8.jar;C:\Users\Shivangi Sharma\.m2\repository\org\springframework\boot\spring-boot-starter-tomcat\2.0.9.BUILD-SNAPSHOT\spring-boot-starter-tomcat-2.0.9.BUILD-SNAPSHOT.jar;C:\Users\Shivangi Sharma\.m2\repository\org\apache\tomcat\embed\tomcat-embed-core\8.5.39\tomcat-embed-core-8.5.39.jar;C:\Users\Shivangi Sharma\.m2\repository\org\apache\tomcat\embed\tomcat-embed-el\8.5.39\tomcat-embed-el-8.5.39.jar;C:\Users\Shivangi Sharma\.m2\repository\org\apache\tomcat\embed\tomcat-embed-websocket\8.5.39\tomcat-embed-websocket-8.5.39.jar;C:\Users\Shivangi Sharma\.m2\repository\org\hibernate\validator\hibernate-validator\6.0.16.Final\hibernate-validator-6.0.16.Final.jar;C:\Users\Shivangi Sharma\.m2\repository\javax\validation\validation-api\2.0.1.Final\validation-api-2.0.1.Final.jar;C:\Users\Shivangi Sharma\.m2\repository\org\jboss\logging\jboss-logging\3.3.2.Final\jboss-logging-3.3.2.Final.jar;C:\Users\Shivangi Sharma\.m2\repository\com\fasterxml\classmate\1.3.4\classmate-1.3.4.jar;C:\Users\Shivangi Sharma\.m2\repository\org\springframework\spring-web\5.0.13.RELEASE\spring-web-5.0.13.RELEASE.jar;C:\Users\Shivangi Sharma\.m2\repository\org\springframework\spring-beans\5.0.13.RELEASE\spring-beans-5.0.13.RELEASE.jar;C:\Users\Shivangi Sharma\.m2\repository\org\springframework\spring-webmvc\5.0.13.RELEASE\spring-webmvc-5.0.13.RELEASE.jar;C:\Users\Shivangi Sharma\.m2\repository\org\springframework\spring-aop\5.0.13.RELEASE\spring-aop-5.0.13.RELEASE.jar;C:\Users\Shivangi Sharma\.m2\repository\org\springframework\spring-expression\5.0.13.RELEASE\spring-expression-5.0.13.RELEASE.jar;C:\Users\Shivangi Sharma\.m2\repository\org\springframework\boot\spring-boot-devtools\2.0.9.BUILD-SNAPSHOT\spring-boot-devtools-2.0.9.BUILD-SNAPSHOT.jar;C:\Users\Shivangi Sharma\.m2\repository\org\springframework\boot\spring-boot-starter-test\2.0.9.BUILD-SNAPSHOT\spring-boot-starter-test-2.0.9.BUILD-SNAPSHOT.jar;C:\Users\Shivangi Sharma\.m2\repository\org\springframework\boot\spring-boot-test\2.0.9.BUILD-SNAPSHOT\spring-boot-test-2.0.9.BUILD-SNAPSHOT.jar;C:\Users\Shivangi Sharma\.m2\repository\org\springframework\boot\spring-boot-test-autoconfigure\2.0.9.BUILD-SNAPSHOT\spring-boot-test-autoconfigure-2.0.9.BUILD-SNAPSHOT.jar;C:\Users\Shivangi Sharma\.m2\repository\com\jayway\jsonpath\json-path\2.4.0\json-path-2.4.0.jar;C:\Users\Shivangi Sharma\.m2\repository\net\minidev\json-smart\2.3\json-smart-2.3.jar;C:\Users\Shivangi Sharma\.m2\repository\net\minidev\accessors-smart\1.2\accessors-smart-1.2.jar;C:\Users\Shivangi Sharma\.m2\repository\org\ow2\asm\asm\5.0.4\asm-5.0.4.jar;C:\Users\Shivangi Sharma\.m2\repository\org\slf4j\slf4j-api\1.7.26\slf4j-api-1.7.26.jar;C:\Users\Shivangi Sharma\.m2\repository\junit\junit\4.12\junit-4.12.jar;C:\Users\Shivangi Sharma\.m2\repository\org\assertj\assertj-core\3.9.1\assertj-core-3.9.1.jar;C:\Users\Shivangi Sharma\.m2\repository\org\mockito\mockito-core\2.15.0\mockito-core-2.15.0.jar;C:\Users\Shivangi Sharma\.m2\repository\net\bytebuddy\byte-buddy\1.7.11\byte-buddy-1.7.11.jar;C:\Users\Shivangi Sharma\.m2\repository\net\bytebuddy\byte-buddy-agent\1.7.11\byte-buddy-agent-1.7.11.jar;C:\Users\Shivangi Sharma\.m2\repository\org\objenesis\objenesis\2.6\objenesis-2.6.jar;C:\Users\Shivangi Sharma\.m2\repository\org\hamcrest\hamcrest-core\1.3\hamcrest-core-1.3.jar;C:\Users\Shivangi Sharma\.m2\repository\org\hamcrest\hamcrest-library\1.3\hamcrest-library-1.3.jar;C:\Users\Shivangi Sharma\.m2\repository\org\skyscreamer\jsonassert\1.5.0\jsonassert-1.5.0.jar;C:\Users\Shivangi Sharma\.m2\repository\com\vaadin\external\google\android-json\0.0.20131108.vaadin1\android-json-0.0.20131108.vaadin1.jar;C:\Users\Shivangi Sharma\.m2\repository\org\springframework\spring-test\5.0.13.RELEASE\spring-test-5.0.13.RELEASE.jar;C:\Users\Shivangi Sharma\.m2\repository\org\xmlunit\xmlunit-core\2.5.1\xmlunit-core-2.5.1.jar;, user.name=Shivangi Sharma, java.vm.specification.version=1.8, sun.java.command=C:\Users\SHIVAN~1\AppData\Local\Temp\surefire2208060237160046090\surefirebooter1224184253146529754.jar C:\Users\Shivangi Sharma\AppData\Local\Temp\surefire2208060237160046090 2021-03-07T14-17-47_960-jvmRun1 surefire7166276489318371533tmp surefire_02684330869316475428tmp, java.home=C:\Program Files\Java\jdk1.8.0_161\jre, sun.arch.data.model=64, user.language=en, java.specification.vendor=Oracle Corporation, awt.toolkit=sun.awt.windows.WToolkit, java.vm.info=mixed mode, java.version=1.8.0_161, java.ext.dirs=C:\Program Files\Java\jdk1.8.0_161\jre\lib\ext;C:\WINDOWS\Sun\Java\lib\ext, sun.boot.class.path=C:\Program Files\Java\jdk1.8.0_161\jre\lib\resources.jar;C:\Program Files\Java\jdk1.8.0_161\jre\lib\rt.jar;C:\Program Files\Java\jdk1.8.0_161\jre\lib\sunrsasign.jar;C:\Program Files\Java\jdk1.8.0_161\jre\lib\jsse.jar;C:\Program Files\Java\jdk1.8.0_161\jre\lib\jce.jar;C:\Program Files\Java\jdk1.8.0_161\jre\lib\charsets.jar;C:\Program Files\Java\jdk1.8.0_161\jre\lib\jfr.jar;C:\Program Files\Java\jdk1.8.0_161\jre\classes, java.vendor=Oracle Corporation, localRepository=C:\Users\Shivangi Sharma\.m2\repository, file.separator=\, java.vendor.url.bug=http://bugreport.sun.com/bugreport/, sun.io.unicode.encoding=UnicodeLittle, sun.cpu.endian=little, sun.desktop=windows, sun.cpu.isalist=amd64}}, SystemEnvironmentPropertySource@85445963 {name='systemEnvironment', properties={PATH=C:/Program Files/Java/jre1.8.0_161/bin/server;C:/Program Files/Java/jre1.8.0_161/bin;C:/Program Files/Java/jre1.8.0_161/lib/amd64;C:\ProgramData\Oracle\Java\javapath;C:\Program Files (x86)\Intel\iCLS Client\;C:\Program Files\Intel\iCLS Client\;C:\WINDOWS\system32;C:\WINDOWS;C:\WINDOWS\System32\Wbem;C:\WINDOWS\System32\WindowsPowerShell\v1.0\;C:\Program Files (x86)\Intel\Intel(R) Management Engine Components\DAL;C:\Program Files\Intel\Intel(R) Management Engine Components\DAL;C:\Program Files (x86)\Intel\Intel(R) Management Engine Components\IPT;C:\Program Files\Intel\Intel(R) Management Engine Components\IPT;C:\Program Files\apache-maven-3.5.3-bin\apache-maven-3.5.3\bin;C:\Program Files\Java\jdk1.8.0_161\bin;C:\WINDOWS\System32\OpenSSH\;C:\Program Files\nodejs\;C:\Program Files\Docker\Docker\resources\bin;C:\ProgramData\DockerDesktop\version-bin;C:\Program Files\Git\cmd;C:\Users\Shivangi Sharma\AppData\Local\Programs\Python\Python38-32\Scripts\;C:\Users\Shivangi Sharma\AppData\Local\Programs\Python\Python38-32\;C:\Users\Shivangi Sharma\AppData\Local\Microsoft\WindowsApps;C:\Users\Shivangi Sharma\AppData\Local\GitHubDesktop\bin;C:\Users\Shivangi Sharma\AppData\Local\Microsoft\WindowsApps;C:\Users\Shivangi Sharma\AppData\Roaming\npm;C:\Users\Shivangi Sharma\AppData\Local\Programs\Microsoft VS Code\bin;C:\Users\Shivangi Sharma\Desktop\springIde\sts-bundle\sts-3.9.4.RELEASE;, USERDOMAIN_ROAMINGPROFILE=DESKTOP-JCJKR69, LOCALAPPDATA=C:\Users\Shivangi Sharma\AppData\Local, PROCESSOR_LEVEL=6, SYSTEMDRIVE=C:, COMMONPROGRAMFILES(X86)=C:\Program Files (x86)\Common Files, USERDOMAIN=DESKTOP-JCJKR69, FPS_BROWSER_APP_PROFILE_STRING=Internet Explorer, LOGONSERVER=\\DESKTOP-JCJKR69, JAVA_HOME=C:\Program Files\Java\jdk1.8.0_161, PROMPT=$P$G, SESSIONNAME=Console, ALLUSERSPROFILE=C:\ProgramData, PROGRAMFILES(X86)=C:\Program Files (x86), PROCESSOR_ARCHITECTURE=AMD64, DRIVERDATA=C:\Windows\System32\Drivers\DriverData, MAVEN_HOME=C:\Program Files\apache-maven-3.5.3-bin\apache-maven-3.5.3, PROGRAMFILES=C:\Program Files, =C:=C:\Users\Shivangi Sharma\Documents\Coding Season2\book-details, APPDATA=C:\Users\Shivangi Sharma\AppData\Roaming, PSMODULEPATH=C:\Program Files\WindowsPowerShell\Modules;C:\WINDOWS\system32\WindowsPowerShell\v1.0\Modules, PROGRAMW6432=C:\Program Files, PROGRAMDATA=C:\ProgramData, SYSTEMROOT=C:\WINDOWS, USERNAME=Shivangi Sharma, FPS_BROWSER_USER_PROFILE_STRING=Default, ONEDRIVE=C:\Users\Shivangi Sharma\OneDrive, PATHEXT=.COM;.EXE;.BAT;.CMD;.VBS;.VBE;.JS;.JSE;.WSF;.WSH;.MSC, OS=Windows_NT, COMMONPROGRAMW6432=C:\Program Files\Common Files, COMPUTERNAME=DESKTOP-JCJKR69, ONEDRIVECONSUMER=C:\Users\Shivangi Sharma\OneDrive, COMMONPROGRAMFILES=C:\Program Files\Common Files, COMSPEC=C:\WINDOWS\system32\cmd.exe, PROCESSOR_REVISION=8e0a, WINDIR=C:\WINDOWS, HOMEPATH=\Users\Shivangi Sharma, TEMP=C:\Users\SHIVAN~1\AppData\Local\Temp, HOMEDRIVE=C:, PROCESSOR_IDENTIFIER=Intel64 Family 6 Model 142 Stepping 10, GenuineIntel, USERPROFILE=C:\Users\Shivangi Sharma, TMP=C:\Users\SHIVAN~1\AppData\Local\Temp, M2_HOME=C:\Program Files\apache-maven-3.5.3-bin\apache-maven-3.5.3, PUBLIC=C:\Users\Public, NUMBER_OF_PROCESSORS=8, =::=::\}}]
14:17:50.282 [main] DEBUG org.springframework.core.io.support.PathMatchingResourcePatternResolver - Resolved classpath location [com/ss/PhotoBusiness/] to resources [URL [file:/C:/Users/Shivangi%20Sharma/Documents/Coding%20Season2/book-details/target/test-classes/com/ss/PhotoBusiness/]]
14:17:50.283 [main] DEBUG org.springframework.core.io.support.PathMatchingResourcePatternResolver - Looking for matching resources in directory tree [C:\Users\Shivangi Sharma\Documents\Coding Season2\book-details\target\test-classes\com\ss\PhotoBusiness]
14:17:50.283 [main] DEBUG org.springframework.core.io.support.PathMatchingResourcePatternResolver - Searching directory [C:\Users\Shivangi Sharma\Documents\Coding Season2\book-details\target\test-classes\com\ss\PhotoBusiness] for files matching pattern [C:/Users/Shivangi Sharma/Documents/Coding Season2/book-details/target/test-classes/com/ss/PhotoBusiness/*.class]
14:17:50.288 [main] DEBUG org.springframework.core.io.support.PathMatchingResourcePatternResolver - Resolved location pattern [classpath*:com/ss/PhotoBusiness/*.class] to resources [file [C:\Users\Shivangi Sharma\Documents\Coding Season2\book-details\target\test-classes\com\ss\PhotoBusiness\PhotoBusinessApplicationTests.class]]
14:17:50.340 [main] DEBUG org.springframework.core.io.support.PathMatchingResourcePatternResolver - Resolved classpath location [com/ss/] to resources [URL [file:/C:/Users/Shivangi%20Sharma/Documents/Coding%20Season2/book-details/target/test-classes/com/ss/]]
14:17:50.341 [main] DEBUG org.springframework.core.io.support.PathMatchingResourcePatternResolver - Looking for matching resources in directory tree [C:\Users\Shivangi Sharma\Documents\Coding Season2\book-details\target\test-classes\com\ss]
14:17:50.341 [main] DEBUG org.springframework.core.io.support.PathMatchingResourcePatternResolver - Searching directory [C:\Users\Shivangi Sharma\Documents\Coding Season2\book-details\target\test-classes\com\ss] for files matching pattern [C:/Users/Shivangi Sharma/Documents/Coding Season2/book-details/target/test-classes/com/ss/*.class]
14:17:50.342 [main] DEBUG org.springframework.core.io.support.PathMatchingResourcePatternResolver - Resolved location pattern [classpath*:com/ss/*.class] to resources []
14:17:50.344 [main] DEBUG org.springframework.core.io.support.PathMatchingResourcePatternResolver - Resolved classpath location [com/] to resources [URL [jar:file:/C:/Program%20Files/Java/jdk1.8.0_161/jre/lib/ext/jfxrt.jar!/com/], URL [file:/C:/Users/Shivangi%20Sharma/Documents/Coding%20Season2/book-details/target/test-classes/com/], URL [file:/C:/Users/Shivangi%20Sharma/Documents/Coding%20Season2/book-details/target/classes/com/], URL [jar:file:/C:/Users/Shivangi%20Sharma/.m2/repository/com/fasterxml/jackson/core/jackson-databind/2.9.8/jackson-databind-2.9.8.jar!/com/], URL [jar:file:/C:/Users/Shivangi%20Sharma/.m2/repository/com/fasterxml/jackson/core/jackson-annotations/2.9.0/jackson-annotations-2.9.0.jar!/com/], URL [jar:file:/C:/Users/Shivangi%20Sharma/.m2/repository/com/fasterxml/jackson/core/jackson-core/2.9.8/jackson-core-2.9.8.jar!/com/], URL [jar:file:/C:/Users/Shivangi%20Sharma/.m2/repository/com/fasterxml/jackson/datatype/jackson-datatype-jdk8/2.9.8/jackson-datatype-jdk8-2.9.8.jar!/com/], URL [jar:file:/C:/Users/Shivangi%20Sharma/.m2/repository/com/fasterxml/jackson/datatype/jackson-datatype-jsr310/2.9.8/jackson-datatype-jsr310-2.9.8.jar!/com/], URL [jar:file:/C:/Users/Shivangi%20Sharma/.m2/repository/com/fasterxml/jackson/module/jackson-module-parameter-names/2.9.8/jackson-module-parameter-names-2.9.8.jar!/com/], URL [jar:file:/C:/Users/Shivangi%20Sharma/.m2/repository/com/fasterxml/classmate/1.3.4/classmate-1.3.4.jar!/com/], URL [jar:file:/C:/Users/Shivangi%20Sharma/.m2/repository/com/jayway/jsonpath/json-path/2.4.0/json-path-2.4.0.jar!/com/]]
14:17:50.345 [main] DEBUG org.springframework.core.io.support.PathMatchingResourcePatternResolver - Looking for matching resources in jar file [file:/C:/Program%20Files/Java/jdk1.8.0_161/jre/lib/ext/jfxrt.jar]
14:17:50.396 [main] DEBUG org.springframework.core.io.support.PathMatchingResourcePatternResolver - Looking for matching resources in directory tree [C:\Users\Shivangi Sharma\Documents\Coding Season2\book-details\target\test-classes\com]
14:17:50.398 [main] DEBUG org.springframework.core.io.support.PathMatchingResourcePatternResolver - Searching directory [C:\Users\Shivangi Sharma\Documents\Coding Season2\book-details\target\test-classes\com] for files matching pattern [C:/Users/Shivangi Sharma/Documents/Coding Season2/book-details/target/test-classes/com/*.class]
14:17:50.400 [main] DEBUG org.springframework.core.io.support.PathMatchingResourcePatternResolver - Looking for matching resources in directory tree [C:\Users\Shivangi Sharma\Documents\Coding Season2\book-details\target\classes\com]
14:17:50.401 [main] DEBUG org.springframework.core.io.support.PathMatchingResourcePatternResolver - Searching directory [C:\Users\Shivangi Sharma\Documents\Coding Season2\book-details\target\classes\com] for files matching pattern [C:/Users/Shivangi Sharma/Documents/Coding Season2/book-details/target/classes/com/*.class]
14:17:50.404 [main] DEBUG org.springframework.core.io.support.PathMatchingResourcePatternResolver - Looking for matching resources in jar file [file:/C:/Users/Shivangi%20Sharma/.m2/repository/com/fasterxml/jackson/core/jackson-databind/2.9.8/jackson-databind-2.9.8.jar]
14:17:50.409 [main] DEBUG org.springframework.core.io.support.PathMatchingResourcePatternResolver - Looking for matching resources in jar file [file:/C:/Users/Shivangi%20Sharma/.m2/repository/com/fasterxml/jackson/core/jackson-annotations/2.9.0/jackson-annotations-2.9.0.jar]
14:17:50.410 [main] DEBUG org.springframework.core.io.support.PathMatchingResourcePatternResolver - Looking for matching resources in jar file [file:/C:/Users/Shivangi%20Sharma/.m2/repository/com/fasterxml/jackson/core/jackson-core/2.9.8/jackson-core-2.9.8.jar]
14:17:50.411 [main] DEBUG org.springframework.core.io.support.PathMatchingResourcePatternResolver - Looking for matching resources in jar file [file:/C:/Users/Shivangi%20Sharma/.m2/repository/com/fasterxml/jackson/datatype/jackson-datatype-jdk8/2.9.8/jackson-datatype-jdk8-2.9.8.jar]
14:17:50.413 [main] DEBUG org.springframework.core.io.support.PathMatchingResourcePatternResolver - Looking for matching resources in jar file [file:/C:/Users/Shivangi%20Sharma/.m2/repository/com/fasterxml/jackson/datatype/jackson-datatype-jsr310/2.9.8/jackson-datatype-jsr310-2.9.8.jar]
14:17:50.415 [main] DEBUG org.springframework.core.io.support.PathMatchingResourcePatternResolver - Looking for matching resources in jar file [file:/C:/Users/Shivangi%20Sharma/.m2/repository/com/fasterxml/jackson/module/jackson-module-parameter-names/2.9.8/jackson-module-parameter-names-2.9.8.jar]
14:17:50.417 [main] DEBUG org.springframework.core.io.support.PathMatchingResourcePatternResolver - Looking for matching resources in jar file [file:/C:/Users/Shivangi%20Sharma/.m2/repository/com/fasterxml/classmate/1.3.4/classmate-1.3.4.jar]
14:17:50.418 [main] DEBUG org.springframework.core.io.support.PathMatchingResourcePatternResolver - Looking for matching resources in jar file [file:/C:/Users/Shivangi%20Sharma/.m2/repository/com/jayway/jsonpath/json-path/2.4.0/json-path-2.4.0.jar]
14:17:50.419 [main] DEBUG org.springframework.core.io.support.PathMatchingResourcePatternResolver - Resolved location pattern [classpath*:com/*.class] to resources []
]]></system-out>
  </testcase>
</testsuite>