<?xml version="1.0" encoding="UTF-8"?>
<testsuite xmlns:xsi="http://www.w3.org/2001/XMLSchema-instance" xsi:noNamespaceSchemaLocation="https://maven.apache.org/surefire/maven-surefire-plugin/xsd/surefire-test-report.xsd" name="com.ss.PhotoBusiness.PhotoBusinessApplicationTests" time="0.475" tests="1" errors="1" skipped="0" failures="0">
  <properties>
[...]
</properties>
  <testcase name="initializationError" classname="com.ss.PhotoBusiness.PhotoBusinessApplicationTests" time="0.007">
    <error message="Unable to find a @SpringBootConfiguration, you need to use @ContextConfiguration or @SpringBootTest(classes=...) with your test" type="java.lang.IllegalStateException">java.lang.IllegalStateException: Unable to find a @SpringBootConfiguration, you need to use @ContextConfiguration or @SpringBootTest(classes=...) with your test
</error>
    <system-out><![CDATA[10:59:45.389 [main] DEBUG org.springframework.test.context.junit4.SpringJUnit4ClassRunner - SpringJUnit4ClassRunner constructor called with [class com.ss.PhotoBusiness.PhotoBusinessApplicationTests]
10:59:45.395 [main] DEBUG org.springframework.test.context.BootstrapUtils - Instantiating CacheAwareContextLoaderDelegate from class [org.springframework.test.context.cache.DefaultCacheAwareContextLoaderDelegate]
10:59:45.404 [main] DEBUG org.springframework.test.context.BootstrapUtils - Instantiating BootstrapContext using constructor [public org.springframework.test.context.support.DefaultBootstrapContext(java.lang.Class,org.springframework.test.context.CacheAwareContextLoaderDelegate)]
10:59:45.427 [main] DEBUG org.springframework.test.context.BootstrapUtils - Instantiating TestContextBootstrapper for test class [com.ss.PhotoBusiness.PhotoBusinessApplicationTests] from class [org.springframework.boot.test.context.SpringBootTestContextBootstrapper]
10:59:45.441 [main] INFO org.springframework.boot.test.context.SpringBootTestContextBootstrapper - Neither @ContextConfiguration nor @ContextHierarchy found for test class [com.ss.PhotoBusiness.PhotoBusinessApplicationTests], using SpringBootContextLoader
10:59:45.444 [main] DEBUG org.springframework.test.context.support.AbstractContextLoader - Did not detect default resource location for test class [com.ss.PhotoBusiness.PhotoBusinessApplicationTests]: class path resource [com/ss/PhotoBusiness/PhotoBusinessApplicationTests-context.xml] does not exist
10:59:45.445 [main] DEBUG org.springframework.test.context.support.AbstractContextLoader - Did not detect default resource location for test class [com.ss.PhotoBusiness.PhotoBusinessApplicationTests]: class path resource [com/ss/PhotoBusiness/PhotoBusinessApplicationTestsContext.groovy] does not exist
10:59:45.445 [main] INFO org.springframework.test.context.support.AbstractContextLoader - Could not detect default resource locations for test class [com.ss.PhotoBusiness.PhotoBusinessApplicationTests]: no resource found for suffixes {-context.xml, Context.groovy}.
10:59:45.446 [main] INFO org.springframework.test.context.support.AnnotationConfigContextLoaderUtils - Could not detect default configuration classes for test class [com.ss.PhotoBusiness.PhotoBusinessApplicationTests]: PhotoBusinessApplicationTests does not declare any static, non-private, non-final, nested classes annotated with @Configuration.
10:59:45.496 [main] DEBUG org.springframework.test.context.support.ActiveProfilesUtils - Could not find an 'annotation declaring class' for annotation type [org.springframework.test.context.ActiveProfiles] and class [com.ss.PhotoBusiness.PhotoBusinessApplicationTests]
10:59:45.513 [main] DEBUG org.springframework.core.env.StandardEnvironment - Adding PropertySource 'systemProperties' with lowest search precedence
10:59:45.513 [main] DEBUG org.springframework.core.env.StandardEnvironment - Adding PropertySource 'systemEnvironment' with lowest search precedence
10:59:45.514 [main] DEBUG org.springframework.core.env.StandardEnvironment - Initialized StandardEnvironment with PropertySources [MapPropertySource@278934944 {name='systemProperties', properties={java.runtime.name=OpenJDK Runtime Environment, sun.boot.library.path=/usr/lib/jvm/java-8-openjdk-amd64/jre/lib/amd64, java.vm.version=25.282-b08, java.vm.vendor=Private Build, java.vendor.url=http://java.oracle.com/, path.separator=:, java.vm.name=OpenJDK 64-Bit Server VM, file.encoding.pkg=sun.io, user.country=IN, sun.java.launcher=SUN_STANDARD, sun.os.patch.level=unknown, java.vm.specification.name=Java Virtual Machine Specification, user.dir=/home/prateek/book-details, java.runtime.version=1.8.0_282-8u282-b08-0ubuntu1~18.04-b08, basedir=/home/prateek/book-details, java.awt.graphicsenv=sun.awt.X11GraphicsEnvironment, java.endorsed.dirs=/usr/lib/jvm/java-8-openjdk-amd64/jre/lib/endorsed, os.arch=amd64, surefire.real.class.path=/home/prateek/book-details/target/surefire/surefirebooter3009831245487022616.jar, java.io.tmpdir=/tmp, line.separator=
, java.vm.specification.vendor=Oracle Corporation, os.name=Linux, sun.jnu.encoding=UTF-8, java.library.path=/usr/java/packages/lib/amd64:/usr/lib/x86_64-linux-gnu/jni:/lib/x86_64-linux-gnu:/usr/lib/x86_64-linux-gnu:/usr/lib/jni:/lib:/usr/lib, surefire.test.class.path=/home/prateek/book-details/target/test-classes:/home/prateek/book-details/target/classes:/home/prateek/.m2/repository/org/springframework/boot/spring-boot-starter/2.0.9.BUILD-SNAPSHOT/spring-boot-starter-2.0.9.BUILD-SNAPSHOT.jar:/home/prateek/.m2/repository/org/springframework/boot/spring-boot/2.0.9.BUILD-SNAPSHOT/spring-boot-2.0.9.BUILD-SNAPSHOT.jar:/home/prateek/.m2/repository/org/springframework/spring-context/5.0.13.RELEASE/spring-context-5.0.13.RELEASE.jar:/home/prateek/.m2/repository/org/springframework/boot/spring-boot-autoconfigure/2.0.9.BUILD-SNAPSHOT/spring-boot-autoconfigure-2.0.9.BUILD-SNAPSHOT.jar:/home/prateek/.m2/repository/org/springframework/boot/spring-boot-starter-logging/2.0.9.BUILD-SNAPSHOT/spring-boot-starter-logging-2.0.9.BUILD-SNAPSHOT.jar:/home/prateek/.m2/repository/ch/qos/logback/logback-classic/1.2.3/logback-classic-1.2.3.jar:/home/prateek/.m2/repository/ch/qos/logback/logback-core/1.2.3/logback-core-1.2.3.jar:/home/prateek/.m2/repository/org/apache/logging/log4j/log4j-to-slf4j/2.10.0/log4j-to-slf4j-2.10.0.jar:/home/prateek/.m2/repository/org/apache/logging/log4j/log4j-api/2.10.0/log4j-api-2.10.0.jar:/home/prateek/.m2/repository/org/slf4j/jul-to-slf4j/1.7.26/jul-to-slf4j-1.7.26.jar:/home/prateek/.m2/repository/javax/annotation/javax.annotation-api/1.3.2/javax.annotation-api-1.3.2.jar:/home/prateek/.m2/repository/org/springframework/spring-core/5.0.13.RELEASE/spring-core-5.0.13.RELEASE.jar:/home/prateek/.m2/repository/org/springframework/spring-jcl/5.0.13.RELEASE/spring-jcl-5.0.13.RELEASE.jar:/home/prateek/.m2/repository/org/yaml/snakeyaml/1.19/snakeyaml-1.19.jar:/home/prateek/.m2/repository/com/googlecode/json-simple/json-simple/1.1.1/json-simple-1.1.1.jar:/home/prateek/.m2/repository/org/springframework/boot/spring-boot-starter-web/2.0.9.BUILD-SNAPSHOT/spring-boot-starter-web-2.0.9.BUILD-SNAPSHOT.jar:/home/prateek/.m2/repository/org/springframework/boot/spring-boot-starter-json/2.0.9.BUILD-SNAPSHOT/spring-boot-starter-json-2.0.9.BUILD-SNAPSHOT.jar:/home/prateek/.m2/repository/com/fasterxml/jackson/core/jackson-databind/2.9.8/jackson-databind-2.9.8.jar:/home/prateek/.m2/repository/com/fasterxml/jackson/core/jackson-annotations/2.9.0/jackson-annotations-2.9.0.jar:/home/prateek/.m2/repository/com/fasterxml/jackson/core/jackson-core/2.9.8/jackson-core-2.9.8.jar:/home/prateek/.m2/repository/com/fasterxml/jackson/datatype/jackson-datatype-jdk8/2.9.8/jackson-datatype-jdk8-2.9.8.jar:/home/prateek/.m2/repository/com/fasterxml/jackson/datatype/jackson-datatype-jsr310/2.9.8/jackson-datatype-jsr310-2.9.8.jar:/home/prateek/.m2/repository/com/fasterxml/jackson/module/jackson-module-parameter-names/2.9.8/jackson-module-parameter-names-2.9.8.jar:/home/prateek/.m2/repository/org/springframework/boot/spring-boot-starter-tomcat/2.0.9.BUILD-SNAPSHOT/spring-boot-starter-tomcat-2.0.9.BUILD-SNAPSHOT.jar:/home/prateek/.m2/repository/org/apache/tomcat/embed/tomcat-embed-core/8.5.39/tomcat-embed-core-8.5.39.jar:/home/prateek/.m2/repository/org/apache/tomcat/embed/tomcat-embed-el/8.5.39/tomcat-embed-el-8.5.39.jar:/home/prateek/.m2/repository/org/apache/tomcat/embed/tomcat-embed-websocket/8.5.39/tomcat-embed-websocket-8.5.39.jar:/home/prateek/.m2/repository/org/hibernate/validator/hibernate-validator/6.0.16.Final/hibernate-validator-6.0.16.Final.jar:/home/prateek/.m2/repository/javax/validation/validation-api/2.0.1.Final/validation-api-2.0.1.Final.jar:/home/prateek/.m2/repository/org/jboss/logging/jboss-logging/3.3.2.Final/jboss-logging-3.3.2.Final.jar:/home/prateek/.m2/repository/com/fasterxml/classmate/1.3.4/classmate-1.3.4.jar:/home/prateek/.m2/repository/org/springframework/spring-web/5.0.13.RELEASE/spring-web-5.0.13.RELEASE.jar:/home/prateek/.m2/repository/org/springframework/spring-beans/5.0.13.RELEASE/spring-beans-5.0.13.RELEASE.jar:/home/prateek/.m2/repository/org/springframework/spring-webmvc/5.0.13.RELEASE/spring-webmvc-5.0.13.RELEASE.jar:/home/prateek/.m2/repository/org/springframework/spring-aop/5.0.13.RELEASE/spring-aop-5.0.13.RELEASE.jar:/home/prateek/.m2/repository/org/springframework/spring-expression/5.0.13.RELEASE/spring-expression-5.0.13.RELEASE.jar:/home/prateek/.m2/repository/org/springframework/boot/spring-boot-devtools/2.0.9.BUILD-SNAPSHOT/spring-boot-devtools-2.0.9.BUILD-SNAPSHOT.jar:/home/prateek/.m2/repository/org/springframework/boot/spring-boot-starter-test/2.0.9.BUILD-SNAPSHOT/spring-boot-starter-test-2.0.9.BUILD-SNAPSHOT.jar:/home/prateek/.m2/repository/org/springframework/boot/spring-boot-test/2.0.9.BUILD-SNAPSHOT/spring-boot-test-2.0.9.BUILD-SNAPSHOT.jar:/home/prateek/.m2/repository/org/springframework/boot/spring-boot-test-autoconfigure/2.0.9.BUILD-SNAPSHOT/spring-boot-test-autoconfigure-2.0.9.BUILD-SNAPSHOT.jar:/home/prateek/.m2/repository/com/jayway/jsonpath/json-path/2.4.0/json-path-2.4.0.jar:/home/prateek/.m2/repository/net/minidev/json-smart/2.3/json-smart-2.3.jar:/home/prateek/.m2/repository/net/minidev/accessors-smart/1.2/accessors-smart-1.2.jar:/home/prateek/.m2/repository/org/ow2/asm/asm/5.0.4/asm-5.0.4.jar:/home/prateek/.m2/repository/org/slf4j/slf4j-api/1.7.26/slf4j-api-1.7.26.jar:/home/prateek/.m2/repository/junit/junit/4.12/junit-4.12.jar:/home/prateek/.m2/repository/org/assertj/assertj-core/3.9.1/assertj-core-3.9.1.jar:/home/prateek/.m2/repository/org/mockito/mockito-core/2.15.0/mockito-core-2.15.0.jar:/home/prateek/.m2/repository/net/bytebuddy/byte-buddy/1.7.11/byte-buddy-1.7.11.jar:/home/prateek/.m2/repository/net/bytebuddy/byte-buddy-agent/1.7.11/byte-buddy-agent-1.7.11.jar:/home/prateek/.m2/repository/org/objenesis/objenesis/2.6/objenesis-2.6.jar:/home/prateek/.m2/repository/org/hamcrest/hamcrest-core/1.3/hamcrest-core-1.3.jar:/home/prateek/.m2/repository/org/hamcrest/hamcrest-library/1.3/hamcrest-library-1.3.jar:/home/prateek/.m2/repository/org/skyscreamer/jsonassert/1.5.0/jsonassert-1.5.0.jar:/home/prateek/.m2/repository/com/vaadin/external/google/android-json/0.0.20131108.vaadin1/android-json-0.0.20131108.vaadin1.jar:/home/prateek/.m2/repository/org/springframework/spring-test/5.0.13.RELEASE/spring-test-5.0.13.RELEASE.jar:/home/prateek/.m2/repository/org/xmlunit/xmlunit-core/2.5.1/xmlunit-core-2.5.1.jar:, java.specification.name=Java Platform API Specification, java.class.version=52.0, sun.management.compiler=HotSpot 64-Bit Tiered Compilers, os.version=4.15.0-45-generic, user.home=/home/prateek, user.timezone=Asia/Kolkata, java.awt.printerjob=sun.print.PSPrinterJob, file.encoding=UTF-8, java.specification.version=1.8, java.class.path=/home/prateek/book-details/target/test-classes:/home/prateek/book-details/target/classes:/home/prateek/.m2/repository/org/springframework/boot/spring-boot-starter/2.0.9.BUILD-SNAPSHOT/spring-boot-starter-2.0.9.BUILD-SNAPSHOT.jar:/home/prateek/.m2/repository/org/springframework/boot/spring-boot/2.0.9.BUILD-SNAPSHOT/spring-boot-2.0.9.BUILD-SNAPSHOT.jar:/home/prateek/.m2/repository/org/springframework/spring-context/5.0.13.RELEASE/spring-context-5.0.13.RELEASE.jar:/home/prateek/.m2/repository/org/springframework/boot/spring-boot-autoconfigure/2.0.9.BUILD-SNAPSHOT/spring-boot-autoconfigure-2.0.9.BUILD-SNAPSHOT.jar:/home/prateek/.m2/repository/org/springframework/boot/spring-boot-starter-logging/2.0.9.BUILD-SNAPSHOT/spring-boot-starter-logging-2.0.9.BUILD-SNAPSHOT.jar:/home/prateek/.m2/repository/ch/qos/logback/logback-classic/1.2.3/logback-classic-1.2.3.jar:/home/prateek/.m2/repository/ch/qos/logback/logback-core/1.2.3/logback-core-1.2.3.jar:/home/prateek/.m2/repository/org/apache/logging/log4j/log4j-to-slf4j/2.10.0/log4j-to-slf4j-2.10.0.jar:/home/prateek/.m2/repository/org/apache/logging/log4j/log4j-api/2.10.0/log4j-api-2.10.0.jar:/home/prateek/.m2/repository/org/slf4j/jul-to-slf4j/1.7.26/jul-to-slf4j-1.7.26.jar:/home/prateek/.m2/repository/javax/annotation/javax.annotation-api/1.3.2/javax.annotation-api-1.3.2.jar:/home/prateek/.m2/repository/org/springframework/spring-core/5.0.13.RELEASE/spring-core-5.0.13.RELEASE.jar:/home/prateek/.m2/repository/org/springframework/spring-jcl/5.0.13.RELEASE/spring-jcl-5.0.13.RELEASE.jar:/home/prateek/.m2/repository/org/yaml/snakeyaml/1.19/snakeyaml-1.19.jar:/home/prateek/.m2/repository/com/googlecode/json-simple/json-simple/1.1.1/json-simple-1.1.1.jar:/home/prateek/.m2/repository/org/springframework/boot/spring-boot-starter-web/2.0.9.BUILD-SNAPSHOT/spring-boot-starter-web-2.0.9.BUILD-SNAPSHOT.jar:/home/prateek/.m2/repository/org/springframework/boot/spring-boot-starter-json/2.0.9.BUILD-SNAPSHOT/spring-boot-starter-json-2.0.9.BUILD-SNAPSHOT.jar:/home/prateek/.m2/repository/com/fasterxml/jackson/core/jackson-databind/2.9.8/jackson-databind-2.9.8.jar:/home/prateek/.m2/repository/com/fasterxml/jackson/core/jackson-annotations/2.9.0/jackson-annotations-2.9.0.jar:/home/prateek/.m2/repository/com/fasterxml/jackson/core/jackson-core/2.9.8/jackson-core-2.9.8.jar:/home/prateek/.m2/repository/com/fasterxml/jackson/datatype/jackson-datatype-jdk8/2.9.8/jackson-datatype-jdk8-2.9.8.jar:/home/prateek/.m2/repository/com/fasterxml/jackson/datatype/jackson-datatype-jsr310/2.9.8/jackson-datatype-jsr310-2.9.8.jar:/home/prateek/.m2/repository/com/fasterxml/jackson/module/jackson-module-parameter-names/2.9.8/jackson-module-parameter-names-2.9.8.jar:/home/prateek/.m2/repository/org/springframework/boot/spring-boot-starter-tomcat/2.0.9.BUILD-SNAPSHOT/spring-boot-starter-tomcat-2.0.9.BUILD-SNAPSHOT.jar:/home/prateek/.m2/repository/org/apache/tomcat/embed/tomcat-embed-core/8.5.39/tomcat-embed-core-8.5.39.jar:/home/prateek/.m2/repository/org/apache/tomcat/embed/tomcat-embed-el/8.5.39/tomcat-embed-el-8.5.39.jar:/home/prateek/.m2/repository/org/apache/tomcat/embed/tomcat-embed-websocket/8.5.39/tomcat-embed-websocket-8.5.39.jar:/home/prateek/.m2/repository/org/hibernate/validator/hibernate-validator/6.0.16.Final/hibernate-validator-6.0.16.Final.jar:/home/prateek/.m2/repository/javax/validation/validation-api/2.0.1.Final/validation-api-2.0.1.Final.jar:/home/prateek/.m2/repository/org/jboss/logging/jboss-logging/3.3.2.Final/jboss-logging-3.3.2.Final.jar:/home/prateek/.m2/repository/com/fasterxml/classmate/1.3.4/classmate-1.3.4.jar:/home/prateek/.m2/repository/org/springframework/spring-web/5.0.13.RELEASE/spring-web-5.0.13.RELEASE.jar:/home/prateek/.m2/repository/org/springframework/spring-beans/5.0.13.RELEASE/spring-beans-5.0.13.RELEASE.jar:/home/prateek/.m2/repository/org/springframework/spring-webmvc/5.0.13.RELEASE/spring-webmvc-5.0.13.RELEASE.jar:/home/prateek/.m2/repository/org/springframework/spring-aop/5.0.13.RELEASE/spring-aop-5.0.13.RELEASE.jar:/home/prateek/.m2/repository/org/springframework/spring-expression/5.0.13.RELEASE/spring-expression-5.0.13.RELEASE.jar:/home/prateek/.m2/repository/org/springframework/boot/spring-boot-devtools/2.0.9.BUILD-SNAPSHOT/spring-boot-devtools-2.0.9.BUILD-SNAPSHOT.jar:/home/prateek/.m2/repository/org/springframework/boot/spring-boot-starter-test/2.0.9.BUILD-SNAPSHOT/spring-boot-starter-test-2.0.9.BUILD-SNAPSHOT.jar:/home/prateek/.m2/repository/org/springframework/boot/spring-boot-test/2.0.9.BUILD-SNAPSHOT/spring-boot-test-2.0.9.BUILD-SNAPSHOT.jar:/home/prateek/.m2/repository/org/springframework/boot/spring-boot-test-autoconfigure/2.0.9.BUILD-SNAPSHOT/spring-boot-test-autoconfigure-2.0.9.BUILD-SNAPSHOT.jar:/home/prateek/.m2/repository/com/jayway/jsonpath/json-path/2.4.0/json-path-2.4.0.jar:/home/prateek/.m2/repository/net/minidev/json-smart/2.3/json-smart-2.3.jar:/home/prateek/.m2/repository/net/minidev/accessors-smart/1.2/accessors-smart-1.2.jar:/home/prateek/.m2/repository/org/ow2/asm/asm/5.0.4/asm-5.0.4.jar:/home/prateek/.m2/repository/org/slf4j/slf4j-api/1.7.26/slf4j-api-1.7.26.jar:/home/prateek/.m2/repository/junit/junit/4.12/junit-4.12.jar:/home/prateek/.m2/repository/org/assertj/assertj-core/3.9.1/assertj-core-3.9.1.jar:/home/prateek/.m2/repository/org/mockito/mockito-core/2.15.0/mockito-core-2.15.0.jar:/home/prateek/.m2/repository/net/bytebuddy/byte-buddy/1.7.11/byte-buddy-1.7.11.jar:/home/prateek/.m2/repository/net/bytebuddy/byte-buddy-agent/1.7.11/byte-buddy-agent-1.7.11.jar:/home/prateek/.m2/repository/org/objenesis/objenesis/2.6/objenesis-2.6.jar:/home/prateek/.m2/repository/org/hamcrest/hamcrest-core/1.3/hamcrest-core-1.3.jar:/home/prateek/.m2/repository/org/hamcrest/hamcrest-library/1.3/hamcrest-library-1.3.jar:/home/prateek/.m2/repository/org/skyscreamer/jsonassert/1.5.0/jsonassert-1.5.0.jar:/home/prateek/.m2/repository/com/vaadin/external/google/android-json/0.0.20131108.vaadin1/android-json-0.0.20131108.vaadin1.jar:/home/prateek/.m2/repository/org/springframework/spring-test/5.0.13.RELEASE/spring-test-5.0.13.RELEASE.jar:/home/prateek/.m2/repository/org/xmlunit/xmlunit-core/2.5.1/xmlunit-core-2.5.1.jar:, user.name=prateek, java.vm.specification.version=1.8, sun.java.command=/home/prateek/book-details/target/surefire/surefirebooter3009831245487022616.jar /home/prateek/book-details/target/surefire 2021-03-10T10-59-41_130-jvmRun1 surefire2088536509632710761tmp surefire_08049773260212557346tmp, java.home=/usr/lib/jvm/java-8-openjdk-amd64/jre, sun.arch.data.model=64, user.language=en, java.specification.vendor=Oracle Corporation, awt.toolkit=sun.awt.X11.XToolkit, java.vm.info=mixed mode, java.version=1.8.0_282, java.ext.dirs=/usr/lib/jvm/java-8-openjdk-amd64/jre/lib/ext:/usr/java/packages/lib/ext, sun.boot.class.path=/usr/lib/jvm/java-8-openjdk-amd64/jre/lib/resources.jar:/usr/lib/jvm/java-8-openjdk-amd64/jre/lib/rt.jar:/usr/lib/jvm/java-8-openjdk-amd64/jre/lib/sunrsasign.jar:/usr/lib/jvm/java-8-openjdk-amd64/jre/lib/jsse.jar:/usr/lib/jvm/java-8-openjdk-amd64/jre/lib/jce.jar:/usr/lib/jvm/java-8-openjdk-amd64/jre/lib/charsets.jar:/usr/lib/jvm/java-8-openjdk-amd64/jre/lib/jfr.jar:/usr/lib/jvm/java-8-openjdk-amd64/jre/classes, java.vendor=Private Build, localRepository=/home/prateek/.m2/repository, file.separator=/, java.vendor.url.bug=http://bugreport.sun.com/bugreport/, sun.io.unicode.encoding=UnicodeLittle, sun.cpu.endian=little, sun.desktop=gnome, sun.cpu.isalist=}}, SystemEnvironmentPropertySource@1739876329 {name='systemEnvironment', properties={PATH=/home/prateek/.nvm/versions/node/v12.16.2/bin:/usr/local/sbin:/usr/local/bin:/usr/sbin:/usr/bin:/sbin:/bin:/usr/games:/usr/local/games:/snap/bin:/usr/local/bin, XAUTHORITY=/run/user/1000/gdm/Xauthority, XMODIFIERS=@im=ibus, XDG_DATA_DIRS=/home/prateek/.local/share/flatpak/exports/share:/var/lib/flatpak/exports/share/:/usr/share/ubuntu:/home/prateek/.local/share/flatpak/exports/share/:/var/lib/flatpak/exports/share/:/usr/local/share/:/usr/share/:/var/lib/snapd/desktop, GDMSESSION=ubuntu, MANDATORY_PATH=/usr/share/gconf/ubuntu.mandatory.path, TEXTDOMAINDIR=/usr/share/locale/, GTK_IM_MODULE=ibus, DBUS_SESSION_BUS_ADDRESS=unix:path=/run/user/1000/bus, DEFAULTS_PATH=/usr/share/gconf/ubuntu.default.path, XDG_CURRENT_DESKTOP=ubuntu:GNOME, SSH_AGENT_PID=3184, COLORTERM=truecolor, QT4_IM_MODULE=xim, SESSION_MANAGER=local/prateek:@/tmp/.ICE-unix/3073,unix/prateek:/tmp/.ICE-unix/3073, USERNAME=prateek, LOGNAME=prateek, PWD=/home/prateek/book-details, IM_CONFIG_PHASE=2, GJS_DEBUG_TOPICS=JS ERROR;JS LOG, NVM_CD_FLAGS=, SHELL=/bin/bash, LESSOPEN=| /usr/bin/lesspipe %s, GTK2_MODULES=overlay-scrollbar, OLDPWD=/home/prateek/book-details, GNOME_DESKTOP_SESSION_ID=this-is-deprecated, GNOME_TERMINAL_SCREEN=/org/gnome/Terminal/screen/c1cdde8c_8656_4837_ab47_6747d67083e4, GTK_MODULES=gail:atk-bridge, CLUTTER_IM_MODULE=xim, TEXTDOMAIN=im-config, LS_COLORS=rs=0:di=01;34:ln=01;36:mh=00:pi=40;33:so=01;35:do=01;35:bd=40;33;01:cd=40;33;01:or=40;31;01:mi=00:su=37;41:sg=30;43:ca=30;41:tw=30;42:ow=34;42:st=37;44:ex=01;32:*.tar=01;31:*.tgz=01;31:*.arc=01;31:*.arj=01;31:*.taz=01;31:*.lha=01;31:*.lz4=01;31:*.lzh=01;31:*.lzma=01;31:*.tlz=01;31:*.txz=01;31:*.tzo=01;31:*.t7z=01;31:*.zip=01;31:*.z=01;31:*.Z=01;31:*.dz=01;31:*.gz=01;31:*.lrz=01;31:*.lz=01;31:*.lzo=01;31:*.xz=01;31:*.zst=01;31:*.tzst=01;31:*.bz2=01;31:*.bz=01;31:*.tbz=01;31:*.tbz2=01;31:*.tz=01;31:*.deb=01;31:*.rpm=01;31:*.jar=01;31:*.war=01;31:*.ear=01;31:*.sar=01;31:*.rar=01;31:*.alz=01;31:*.ace=01;31:*.zoo=01;31:*.cpio=01;31:*.7z=01;31:*.rz=01;31:*.cab=01;31:*.wim=01;31:*.swm=01;31:*.dwm=01;31:*.esd=01;31:*.jpg=01;35:*.jpeg=01;35:*.mjpg=01;35:*.mjpeg=01;35:*.gif=01;35:*.bmp=01;35:*.pbm=01;35:*.pgm=01;35:*.ppm=01;35:*.tga=01;35:*.xbm=01;35:*.xpm=01;35:*.tif=01;35:*.tiff=01;35:*.png=01;35:*.svg=01;35:*.svgz=01;35:*.mng=01;35:*.pcx=01;35:*.mov=01;35:*.mpg=01;35:*.mpeg=01;35:*.m2v=01;35:*.mkv=01;35:*.webm=01;35:*.ogm=01;35:*.mp4=01;35:*.m4v=01;35:*.mp4v=01;35:*.vob=01;35:*.qt=01;35:*.nuv=01;35:*.wmv=01;35:*.asf=01;35:*.rm=01;35:*.rmvb=01;35:*.flc=01;35:*.avi=01;35:*.fli=01;35:*.flv=01;35:*.gl=01;35:*.dl=01;35:*.xcf=01;35:*.xwd=01;35:*.yuv=01;35:*.cgm=01;35:*.emf=01;35:*.ogv=01;35:*.ogx=01;35:*.aac=00;36:*.au=00;36:*.flac=00;36:*.m4a=00;36:*.mid=00;36:*.midi=00;36:*.mka=00;36:*.mp3=00;36:*.mpc=00;36:*.ogg=00;36:*.ra=00;36:*.wav=00;36:*.oga=00;36:*.opus=00;36:*.spx=00;36:*.xspf=00;36:, XDG_SESSION_DESKTOP=ubuntu, SHLVL=1, LESSCLOSE=/usr/bin/lesspipe %s %s, QT_IM_MODULE=ibus, TERM=xterm-256color, XDG_CONFIG_DIRS=/etc/xdg/xdg-ubuntu:/etc/xdg, GNOME_TERMINAL_SERVICE=:1.122, LANG=en_IN, XDG_SESSION_ID=3, XDG_SESSION_TYPE=x11, DISPLAY=:0, NVM_INC=/home/prateek/.nvm/versions/node/v12.16.2/include/node, LIBVIRT_DEFAULT_URI=qemu:///system, MAVEN_CMD_LINE_ARGS= clean install, _=/usr/bin/mvn, NVM_DIR=/home/prateek/.nvm, GPG_AGENT_INFO=/run/user/1000/gnupg/S.gpg-agent:0:1, MAVEN_PROJECTBASEDIR=/home/prateek/book-details, DESKTOP_SESSION=ubuntu, USER=prateek, XDG_MENU_PREFIX=gnome-, VTE_VERSION=5202, QT_ACCESSIBILITY=1, WINDOWPATH=2, GJS_DEBUG_OUTPUT=stderr, SSH_AUTH_SOCK=/run/user/1000/keyring/ssh, XDG_SEAT=seat0, GNOME_SHELL_SESSION_MODE=ubuntu, XDG_VTNR=2, XDG_RUNTIME_DIR=/run/user/1000, NVM_BIN=/home/prateek/.nvm/versions/node/v12.16.2/bin, HOME=/home/prateek}}]
10:59:45.532 [main] DEBUG org.springframework.core.io.support.PathMatchingResourcePatternResolver - Resolved classpath location [com/ss/PhotoBusiness/] to resources [URL [file:/home/prateek/book-details/target/test-classes/com/ss/PhotoBusiness/]]
10:59:45.532 [main] DEBUG org.springframework.core.io.support.PathMatchingResourcePatternResolver - Looking for matching resources in directory tree [/home/prateek/book-details/target/test-classes/com/ss/PhotoBusiness]
10:59:45.532 [main] DEBUG org.springframework.core.io.support.PathMatchingResourcePatternResolver - Searching directory [/home/prateek/book-details/target/test-classes/com/ss/PhotoBusiness] for files matching pattern [/home/prateek/book-details/target/test-classes/com/ss/PhotoBusiness/*.class]
10:59:45.536 [main] DEBUG org.springframework.core.io.support.PathMatchingResourcePatternResolver - Resolved location pattern [classpath*:com/ss/PhotoBusiness/*.class] to resources [file [/home/prateek/book-details/target/test-classes/com/ss/PhotoBusiness/PhotoBusinessApplicationTests.class]]
10:59:45.559 [main] DEBUG org.springframework.core.io.support.PathMatchingResourcePatternResolver - Resolved classpath location [com/ss/] to resources [URL [file:/home/prateek/book-details/target/test-classes/com/ss/]]
10:59:45.559 [main] DEBUG org.springframework.core.io.support.PathMatchingResourcePatternResolver - Looking for matching resources in directory tree [/home/prateek/book-details/target/test-classes/com/ss]
10:59:45.559 [main] DEBUG org.springframework.core.io.support.PathMatchingResourcePatternResolver - Searching directory [/home/prateek/book-details/target/test-classes/com/ss] for files matching pattern [/home/prateek/book-details/target/test-classes/com/ss/*.class]
10:59:45.560 [main] DEBUG org.springframework.core.io.support.PathMatchingResourcePatternResolver - Resolved location pattern [classpath*:com/ss/*.class] to resources []
10:59:45.561 [main] DEBUG org.springframework.core.io.support.PathMatchingResourcePatternResolver - Resolved classpath location [com/] to resources [URL [file:/home/prateek/book-details/target/test-classes/com/], URL [file:/home/prateek/book-details/target/classes/com/], URL [jar:file:/home/prateek/.m2/repository/com/fasterxml/jackson/core/jackson-databind/2.9.8/jackson-databind-2.9.8.jar!/com/], URL [jar:file:/home/prateek/.m2/repository/com/fasterxml/jackson/core/jackson-annotations/2.9.0/jackson-annotations-2.9.0.jar!/com/], URL [jar:file:/home/prateek/.m2/repository/com/fasterxml/jackson/core/jackson-core/2.9.8/jackson-core-2.9.8.jar!/com/], URL [jar:file:/home/prateek/.m2/repository/com/fasterxml/jackson/datatype/jackson-datatype-jdk8/2.9.8/jackson-datatype-jdk8-2.9.8.jar!/com/], URL [jar:file:/home/prateek/.m2/repository/com/fasterxml/jackson/datatype/jackson-datatype-jsr310/2.9.8/jackson-datatype-jsr310-2.9.8.jar!/com/], URL [jar:file:/home/prateek/.m2/repository/com/fasterxml/jackson/module/jackson-module-parameter-names/2.9.8/jackson-module-parameter-names-2.9.8.jar!/com/], URL [jar:file:/home/prateek/.m2/repository/com/fasterxml/classmate/1.3.4/classmate-1.3.4.jar!/com/], URL [jar:file:/home/prateek/.m2/repository/com/jayway/jsonpath/json-path/2.4.0/json-path-2.4.0.jar!/com/]]
10:59:45.561 [main] DEBUG org.springframework.core.io.support.PathMatchingResourcePatternResolver - Looking for matching resources in directory tree [/home/prateek/book-details/target/test-classes/com]
10:59:45.561 [main] DEBUG org.springframework.core.io.support.PathMatchingResourcePatternResolver - Searching directory [/home/prateek/book-details/target/test-classes/com] for files matching pattern [/home/prateek/book-details/target/test-classes/com/*.class]
10:59:45.561 [main] DEBUG org.springframework.core.io.support.PathMatchingResourcePatternResolver - Looking for matching resources in directory tree [/home/prateek/book-details/target/classes/com]
10:59:45.562 [main] DEBUG org.springframework.core.io.support.PathMatchingResourcePatternResolver - Searching directory [/home/prateek/book-details/target/classes/com] for files matching pattern [/home/prateek/book-details/target/classes/com/*.class]
10:59:45.563 [main] DEBUG org.springframework.core.io.support.PathMatchingResourcePatternResolver - Looking for matching resources in jar file [file:/home/prateek/.m2/repository/com/fasterxml/jackson/core/jackson-databind/2.9.8/jackson-databind-2.9.8.jar]
10:59:45.579 [main] DEBUG org.springframework.core.io.support.PathMatchingResourcePatternResolver - Looking for matching resources in jar file [file:/home/prateek/.m2/repository/com/fasterxml/jackson/core/jackson-annotations/2.9.0/jackson-annotations-2.9.0.jar]
10:59:45.580 [main] DEBUG org.springframework.core.io.support.PathMatchingResourcePatternResolver - Looking for matching resources in jar file [file:/home/prateek/.m2/repository/com/fasterxml/jackson/core/jackson-core/2.9.8/jackson-core-2.9.8.jar]
10:59:45.582 [main] DEBUG org.springframework.core.io.support.PathMatchingResourcePatternResolver - Looking for matching resources in jar file [file:/home/prateek/.m2/repository/com/fasterxml/jackson/datatype/jackson-datatype-jdk8/2.9.8/jackson-datatype-jdk8-2.9.8.jar]
10:59:45.583 [main] DEBUG org.springframework.core.io.support.PathMatchingResourcePatternResolver - Looking for matching resources in jar file [file:/home/prateek/.m2/repository/com/fasterxml/jackson/datatype/jackson-datatype-jsr310/2.9.8/jackson-datatype-jsr310-2.9.8.jar]
10:59:45.584 [main] DEBUG org.springframework.core.io.support.PathMatchingResourcePatternResolver - Looking for matching resources in jar file [file:/home/prateek/.m2/repository/com/fasterxml/jackson/module/jackson-module-parameter-names/2.9.8/jackson-module-parameter-names-2.9.8.jar]
10:59:45.584 [main] DEBUG org.springframework.core.io.support.PathMatchingResourcePatternResolver - Looking for matching resources in jar file [file:/home/prateek/.m2/repository/com/fasterxml/classmate/1.3.4/classmate-1.3.4.jar]
10:59:45.585 [main] DEBUG org.springframework.core.io.support.PathMatchingResourcePatternResolver - Looking for matching resources in jar file [file:/home/prateek/.m2/repository/com/jayway/jsonpath/json-path/2.4.0/json-path-2.4.0.jar]
10:59:45.588 [main] DEBUG org.springframework.core.io.support.PathMatchingResourcePatternResolver - Resolved location pattern [classpath*:com/*.class] to resources []
]]></system-out>
  </testcase>
</testsuite>